16:00:56 **** Incremental Build of configuration Debug for project BSP_lis3dsh ****
make -j8 all 
arm-none-eabi-gcc "/home/vish/Documents/stm32/barmetal/BSP/Src/main.c" -mcpu=cortex-m4 -std=gnu11 -g3 -DUSE_HAL_DRIVER -DSTM32F407xx -DUSE_STM32F4_DISCO -c -I../../../Inc -I../../../Middlewares/ST/STM32_Audio/Addons/PDM/Inc -I../../../Drivers/CMSIS/Device/ST/STM32F4xx/Include -I../../../Drivers/STM32F4xx_HAL_Driver/Inc -I../../../Drivers/BSP/STM32F4-Discovery -I../../../Drivers/CMSIS/Include -Os -ffunction-sections -Wall -Wno-unused-variable -Wno-pointer-sign -Wno-main -Wno-format -Wno-address -Wno-unused-but-set-variable -Wno-strict-aliasing -Wno-parentheses -Wno-missing-braces -fstack-usage -MMD -MP -MF"Example/User/main.d" -MT"Example/User/main.o" --specs=nano.specs -mfpu=fpv4-sp-d16 -mfloat-abi=hard -mthumb -o "Example/User/main.o"
arm-none-eabi-gcc "/home/vish/Documents/stm32/barmetal/BSP/Src/mems.c" -mcpu=cortex-m4 -std=gnu11 -g3 -DUSE_HAL_DRIVER -DSTM32F407xx -DUSE_STM32F4_DISCO -c -I../../../Inc -I../../../Middlewares/ST/STM32_Audio/Addons/PDM/Inc -I../../../Drivers/CMSIS/Device/ST/STM32F4xx/Include -I../../../Drivers/STM32F4xx_HAL_Driver/Inc -I../../../Drivers/BSP/STM32F4-Discovery -I../../../Drivers/CMSIS/Include -Os -ffunction-sections -Wall -Wno-unused-variable -Wno-pointer-sign -Wno-main -Wno-format -Wno-address -Wno-unused-but-set-variable -Wno-strict-aliasing -Wno-parentheses -Wno-missing-braces -fstack-usage -MMD -MP -MF"Example/User/mems.d" -MT"Example/User/mems.o" --specs=nano.specs -mfpu=fpv4-sp-d16 -mfloat-abi=hard -mthumb -o "Example/User/mems.o"
arm-none-eabi-gcc "/home/vish/Documents/stm32/barmetal/BSP/Src/stm32f4xx_it.c" -mcpu=cortex-m4 -std=gnu11 -g3 -DUSE_HAL_DRIVER -DSTM32F407xx -DUSE_STM32F4_DISCO -c -I../../../Inc -I../../../Middlewares/ST/STM32_Audio/Addons/PDM/Inc -I../../../Drivers/CMSIS/Device/ST/STM32F4xx/Include -I../../../Drivers/STM32F4xx_HAL_Driver/Inc -I../../../Drivers/BSP/STM32F4-Discovery -I../../../Drivers/CMSIS/Include -Os -ffunction-sections -Wall -Wno-unused-variable -Wno-pointer-sign -Wno-main -Wno-format -Wno-address -Wno-unused-but-set-variable -Wno-strict-aliasing -Wno-parentheses -Wno-missing-braces -fstack-usage -MMD -MP -MF"Example/User/stm32f4xx_it.d" -MT"Example/User/stm32f4xx_it.o" --specs=nano.specs -mfpu=fpv4-sp-d16 -mfloat-abi=hard -mthumb -o "Example/User/stm32f4xx_it.o"
arm-none-eabi-gcc "/home/vish/Documents/stm32/barmetal/BSP/Drivers/STM32F4xx_HAL_Driver/Src/stm32f4xx_hal.c" -mcpu=cortex-m4 -std=gnu11 -g3 -DUSE_HAL_DRIVER -DSTM32F407xx -DUSE_STM32F4_DISCO -c -I../../../Inc -I../../../Middlewares/ST/STM32_Audio/Addons/PDM/Inc -I../../../Drivers/CMSIS/Device/ST/STM32F4xx/Include -I../../../Drivers/STM32F4xx_HAL_Driver/Inc -I../../../Drivers/BSP/STM32F4-Discovery -I../../../Drivers/CMSIS/Include -Os -ffunction-sections -Wall -Wno-unused-variable -Wno-pointer-sign -Wno-main -Wno-format -Wno-address -Wno-unused-but-set-variable -Wno-strict-aliasing -Wno-parentheses -Wno-missing-braces -fstack-usage -MMD -MP -MF"Drivers/STM32F4xx_HAL_Driver/stm32f4xx_hal.d" -MT"Drivers/STM32F4xx_HAL_Driver/stm32f4xx_hal.o" --specs=nano.specs -mfpu=fpv4-sp-d16 -mfloat-abi=hard -mthumb -o "Drivers/STM32F4xx_HAL_Driver/stm32f4xx_hal.o"
arm-none-eabi-gcc "/home/vish/Documents/stm32/barmetal/BSP/Drivers/STM32F4xx_HAL_Driver/Src/stm32f4xx_hal_cortex.c" -mcpu=cortex-m4 -std=gnu11 -g3 -DUSE_HAL_DRIVER -DSTM32F407xx -DUSE_STM32F4_DISCO -c -I../../../Inc -I../../../Middlewares/ST/STM32_Audio/Addons/PDM/Inc -I../../../Drivers/CMSIS/Device/ST/STM32F4xx/Include -I../../../Drivers/STM32F4xx_HAL_Driver/Inc -I../../../Drivers/BSP/STM32F4-Discovery -I../../../Drivers/CMSIS/Include -Os -ffunction-sections -Wall -Wno-unused-variable -Wno-pointer-sign -Wno-main -Wno-format -Wno-address -Wno-unused-but-set-variable -Wno-strict-aliasing -Wno-parentheses -Wno-missing-braces -fstack-usage -MMD -MP -MF"Drivers/STM32F4xx_HAL_Driver/stm32f4xx_hal_cortex.d" -MT"Drivers/STM32F4xx_HAL_Driver/stm32f4xx_hal_cortex.o" --specs=nano.specs -mfpu=fpv4-sp-d16 -mfloat-abi=hard -mthumb -o "Drivers/STM32F4xx_HAL_Driver/stm32f4xx_hal_cortex.o"
arm-none-eabi-gcc "/home/vish/Documents/stm32/barmetal/BSP/Drivers/STM32F4xx_HAL_Driver/Src/stm32f4xx_hal_dma.c" -mcpu=cortex-m4 -std=gnu11 -g3 -DUSE_HAL_DRIVER -DSTM32F407xx -DUSE_STM32F4_DISCO -c -I../../../Inc -I../../../Middlewares/ST/STM32_Audio/Addons/PDM/Inc -I../../../Drivers/CMSIS/Device/ST/STM32F4xx/Include -I../../../Drivers/STM32F4xx_HAL_Driver/Inc -I../../../Drivers/BSP/STM32F4-Discovery -I../../../Drivers/CMSIS/Include -Os -ffunction-sections -Wall -Wno-unused-variable -Wno-pointer-sign -Wno-main -Wno-format -Wno-address -Wno-unused-but-set-variable -Wno-strict-aliasing -Wno-parentheses -Wno-missing-braces -fstack-usage -MMD -MP -MF"Drivers/STM32F4xx_HAL_Driver/stm32f4xx_hal_dma.d" -MT"Drivers/STM32F4xx_HAL_Driver/stm32f4xx_hal_dma.o" --specs=nano.specs -mfpu=fpv4-sp-d16 -mfloat-abi=hard -mthumb -o "Drivers/STM32F4xx_HAL_Driver/stm32f4xx_hal_dma.o"
arm-none-eabi-gcc "/home/vish/Documents/stm32/barmetal/BSP/Drivers/STM32F4xx_HAL_Driver/Src/stm32f4xx_hal_flash.c" -mcpu=cortex-m4 -std=gnu11 -g3 -DUSE_HAL_DRIVER -DSTM32F407xx -DUSE_STM32F4_DISCO -c -I../../../Inc -I../../../Middlewares/ST/STM32_Audio/Addons/PDM/Inc -I../../../Drivers/CMSIS/Device/ST/STM32F4xx/Include -I../../../Drivers/STM32F4xx_HAL_Driver/Inc -I../../../Drivers/BSP/STM32F4-Discovery -I../../../Drivers/CMSIS/Include -Os -ffunction-sections -Wall -Wno-unused-variable -Wno-pointer-sign -Wno-main -Wno-format -Wno-address -Wno-unused-but-set-variable -Wno-strict-aliasing -Wno-parentheses -Wno-missing-braces -fstack-usage -MMD -MP -MF"Drivers/STM32F4xx_HAL_Driver/stm32f4xx_hal_flash.d" -MT"Drivers/STM32F4xx_HAL_Driver/stm32f4xx_hal_flash.o" --specs=nano.specs -mfpu=fpv4-sp-d16 -mfloat-abi=hard -mthumb -o "Drivers/STM32F4xx_HAL_Driver/stm32f4xx_hal_flash.o"
/home/vish/Documents/stm32/barmetal/BSP/Src/stm32f4xx_it.c:23:10: fatal error: main.h: No such file or directory
   23 | #include "main.h"
      |          ^~~~~~~~
compilation terminated.
/home/vish/Documents/stm32/barmetal/BSP/Src/main.c:21:10: fatal error: main.h: No such file or directory
   21 | #include "main.h"
      |          ^~~~~~~~
compilation terminated.
/home/vish/Documents/stm32/barmetal/BSP/Src/mems.c:21:10: fatal error: mems.h: No such file or directory
   21 | #include "mems.h"
      |          ^~~~~~~~
compilation terminated.
make: *** [Example/User/subdir.mk:29: Example/User/stm32f4xx_it.o] Error 1
make: *** Waiting for unfinished jobs....
make: *** [Example/User/subdir.mk:25: Example/User/main.o] Error 1
make: *** [Example/User/subdir.mk:27: Example/User/mems.o] Error 1
/home/vish/Documents/stm32/barmetal/BSP/Drivers/STM32F4xx_HAL_Driver/Src/stm32f4xx_hal.c:36:10: fatal error: stm32f4xx_hal.h: No such file or directory
   36 | #include "stm32f4xx_hal.h"
      |          ^~~~~~~~~~~~~~~~~
compilation terminated.
/home/vish/Documents/stm32/barmetal/BSP/Drivers/STM32F4xx_HAL_Driver/Src/stm32f4xx_hal_cortex.c:83:10: fatal error: stm32f4xx_hal.h: No such file or directory
   83 | #include "stm32f4xx_hal.h"
      |          ^~~~~~~~~~~~~~~~~
/home/vish/Documents/stm32/barmetal/BSP/Drivers/STM32F4xx_HAL_Driver/Src/stm32f4xx_hal_dma.c:98:10: fatal error: stm32f4xx_hal.h: No such file or directory
   98 | #include "stm32f4xx_hal.h"
      |          ^~~~~~~~~~~~~~~~~
compilation terminated.
compilation terminated.
make: *** [Drivers/STM32F4xx_HAL_Driver/subdir.mk:63: Drivers/STM32F4xx_HAL_Driver/stm32f4xx_hal_cortex.o] Error 1
make: *** [Drivers/STM32F4xx_HAL_Driver/subdir.mk:61: Drivers/STM32F4xx_HAL_Driver/stm32f4xx_hal.o] Error 1
make: *** [Drivers/STM32F4xx_HAL_Driver/subdir.mk:65: Drivers/STM32F4xx_HAL_Driver/stm32f4xx_hal_dma.o] Error 1
/home/vish/Documents/stm32/barmetal/BSP/Drivers/STM32F4xx_HAL_Driver/Src/stm32f4xx_hal_flash.c:78:10: fatal error: stm32f4xx_hal.h: No such file or directory
   78 | #include "stm32f4xx_hal.h"
      |          ^~~~~~~~~~~~~~~~~
compilation terminated.
make: *** [Drivers/STM32F4xx_HAL_Driver/subdir.mk:67: Drivers/STM32F4xx_HAL_Driver/stm32f4xx_hal_flash.o] Error 1
"make -j8 all" terminated with exit code 2. Build might be incomplete.

16:00:56 Build Failed. 15 errors, 0 warnings. (took 343ms)

